<?xml version="1.0" encoding="UTF-8"?>
<coverage generated="1676050391457" clover="3.2.0">
  <project timestamp="1676050391457" name="All files">
    <metrics statements="15" coveredstatements="11" conditionals="2" coveredconditionals="0" methods="9" coveredmethods="3" elements="26" coveredelements="14" complexity="0" loc="15" ncloc="15" packages="1" files="1" classes="1"/>
    <file name="helpers.ts" path="/Users/keithics/Code/react-dashboard/src/lib/helpers.ts">
      <metrics statements="15" coveredstatements="11" conditionals="2" coveredconditionals="0" methods="9" coveredmethods="3"/>
      <line num="1" count="1" type="stmt"/>
      <line num="3" count="1" type="stmt"/>
      <line num="4" count="0" type="stmt"/>
      <line num="5" count="0" type="stmt"/>
      <line num="8" count="1" type="stmt"/>
      <line num="9" count="0" type="stmt"/>
      <line num="12" count="1" type="stmt"/>
      <line num="14" count="1" type="stmt"/>
      <line num="16" count="1" type="stmt"/>
      <line num="17" count="0" type="cond" truecount="0" falsecount="2"/>
      <line num="25" count="1" type="stmt"/>
      <line num="26" count="2" type="stmt"/>
      <line num="28" count="2" type="stmt"/>
      <line num="31" count="2" type="stmt"/>
      <line num="36" count="1" type="stmt"/>
    </file>
  </project>
</coverage>
