TN:
SF:src/lib/helpers.ts
FN:3,getAllQueryString
FN:8,classNames
FN:12,(anonymous_2)
FN:14,(anonymous_3)
FN:16,showComponent
FN:25,snakeToCapitalize
FN:27,(anonymous_6)
FN:30,(anonymous_7)
FN:36,(anonymous_8)
FNF:9
FNH:3
FNDA:0,getAllQueryString
FNDA:0,classNames
FNDA:0,(anonymous_2)
FNDA:0,(anonymous_3)
FNDA:0,showComponent
FNDA:2,snakeToCapitalize
FNDA:2,(anonymous_6)
FNDA:2,(anonymous_7)
FNDA:0,(anonymous_8)
DA:1,1
DA:3,1
DA:4,0
DA:5,0
DA:8,1
DA:9,0
DA:12,1
DA:14,1
DA:16,1
DA:17,0
DA:25,1
DA:26,2
DA:28,2
DA:31,2
DA:36,1
LF:15
LH:11
BRDA:17,0,0,0
BRDA:17,0,1,0
BRF:2
BRH:0
end_of_record
